#
# There is insufficient memory for the Java Runtime Environment to continue.
# Native memory allocation (mmap) failed to map 134217728 bytes for G1 virtual space
# Possible reasons:
#   The system is out of physical RAM or swap space
#   The process is running with CompressedOops enabled, and the Java Heap may be blocking the growth of the native heap
# Possible solutions:
#   Reduce memory load on the system
#   Increase physical memory or swap space
#   Check if swap backing store is full
#   Decrease Java heap size (-Xmx/-Xms)
#   Decrease number of Java threads
#   Decrease Java thread stack sizes (-Xss)
#   Set larger code cache with -XX:ReservedCodeCacheSize=
#   JVM is running with Unscaled Compressed Oops mode in which the Java heap is
#     placed in the first 4GB address space. The Java Heap base address is the
#     maximum limit for the native heap growth. Please use -XX:HeapBaseMinAddress
#     to set the Java Heap base and to place the Java Heap above 4GB virtual address.
# This output file may be truncated or incomplete.
#
#  Out of Memory Error (os_windows.cpp:3535), pid=10836, tid=13956
#
# JRE version:  (17.0.4.1+1) (build )
# Java VM: Java HotSpot(TM) 64-Bit Server VM (17.0.4.1+1-LTS-2, mixed mode, sharing, tiered, compressed oops, compressed class ptrs, g1 gc, windows-amd64)
# No core dump will be written. Minidumps are not enabled by default on client versions of Windows
#

---------------  S U M M A R Y ------------

Command Line: -javaagent:C:\Program Files\JetBrains\IntelliJ IDEA Community Edition 2022.2.3\lib\idea_rt.jar=53313:C:\Program Files\JetBrains\IntelliJ IDEA Community Edition 2022.2.3\bin -Dfile.encoding=UTF-8 Exercícios.Exercicio3

Host: Intel(R) Core(TM) i3-3110M CPU @ 2.40GHz, 4 cores, 7G,  Windows 10 , 64 bit Build 19041 (10.0.19041.928)
Time: Sun Oct 16 19:20:14 2022 Hora oficial do Brasil elapsed time: 0.083372 seconds (0d 0h 0m 0s)

---------------  T H R E A D  ---------------

Current thread (0x00000178a5da1e90):  JavaThread "Unknown thread" [_thread_in_vm, id=13956, stack(0x0000000fa3600000,0x0000000fa3700000)]

Stack: [0x0000000fa3600000,0x0000000fa3700000]
Native frames: (J=compiled Java code, j=interpreted, Vv=VM code, C=native code)
V  [jvm.dll+0x6723ba]
V  [jvm.dll+0x7d1e34]
V  [jvm.dll+0x7d35de]
V  [jvm.dll+0x7d3c43]
V  [jvm.dll+0x243065]
V  [jvm.dll+0x66f2d9]
V  [jvm.dll+0x663c22]
V  [jvm.dll+0x3011cb]
V  [jvm.dll+0x308766]
V  [jvm.dll+0x35846e]
V  [jvm.dll+0x35869f]
V  [jvm.dll+0x2d83e8]
V  [jvm.dll+0x2d9354]
V  [jvm.dll+0x7a3911]
V  [jvm.dll+0x3662c1]
V  [jvm.dll+0x782d7c]
V  [jvm.dll+0x3e8c1f]
V  [jvm.dll+0x3ea6c1]
C  [jli.dll+0x527b]
C  [ucrtbase.dll+0x21bb2]
C  [KERNEL32.DLL+0x17034]
C  [ntdll.dll+0x52651]


---------------  P R O C E S S  ---------------

Threads class SMR info:
_java_thread_list=0x00007fff8a7ca858, length=0, elements={
}

Java Threads: ( => current thread )

Other Threads:
  0x00000178a5df4b50 GCTaskThread "GC Thread#0" [stack: 0x0000000fa3700000,0x0000000fa3800000] [id=13636]
  0x00000178a5e05750 ConcurrentGCThread "G1 Main Marker" [stack: 0x0000000fa3800000,0x0000000fa3900000] [id=14240]
  0x00000178a5e06900 ConcurrentGCThread "G1 Conc#0" [stack: 0x0000000fa3900000,0x0000000fa3a00000] [id=15340]

[error occurred during error reporting (printing all threads), id 0xc0000005, EXCEPTION_ACCESS_VIOLATION (0xc0000005) at pc=0x00007fff8a018dd7]

VM state: not at safepoint (not fully initialized)

VM Mutex/Monitor currently owned by a thread:  ([mutex/lock_event])
[0x00000178a5d9cff0] Heap_lock - owner thread: 0x00000178a5da1e90

Heap address: 0x0000000081a00000, size: 2022 MB, Compressed Oops mode: 32-bit

CDS archive(s) mapped at: [0x0000000000000000-0x0000000000000000-0x0000000000000000), size 0, SharedBaseAddress: 0x0000000800000000, ArchiveRelocationMode: 0.
Narrow klass base: 0x0000000000000000, Narrow klass shift: 0, Narrow klass range: 0x0

GC Precious Log:
<Empty>

Heap:
 garbage-first heap   total 0K, used 0K [0x0000000081a00000, 0x0000000100000000)
  region size 1024K, 0 young (0K), 0 survivors (0K)

[error occurred during error reporting (printing heap information), id 0xc0000005, EXCEPTION_ACCESS_VIOLATION (0xc0000005) at pc=0x00007fff8a3fb869]

GC Heap History (0 events):
No events

Deoptimization events (0 events):
No events

Classes unloaded (0 events):
No events

Classes redefined (0 events):
No events

Internal exceptions (0 events):
No events

VM Operations (0 events):
No events

Events (1 events):
Event: 0.016 Loaded shared library C:\Program Files\Java\jdk-17.0.4.1\bin\java.dll


Dynamic libraries:
0x00007ff6a7c90000 - 0x00007ff6a7ca0000 	C:\Program Files\Java\jdk-17.0.4.1\bin\java.exe
0x00007fffe6230000 - 0x00007fffe6425000 	C:\Windows\SYSTEM32\ntdll.dll
0x00007fffe5130000 - 0x00007fffe51ed000 	C:\Windows\System32\KERNEL32.DLL
0x00007fffe3af0000 - 0x00007fffe3db8000 	C:\Windows\System32\KERNELBASE.dll
0x00007fffe3970000 - 0x00007fffe3a70000 	C:\Windows\System32\ucrtbase.dll
0x00007fffbd2d0000 - 0x00007fffbd2e8000 	C:\Program Files\Java\jdk-17.0.4.1\bin\jli.dll
0x00007fffbfa60000 - 0x00007fffbfa7a000 	C:\Program Files\Java\jdk-17.0.4.1\bin\VCRUNTIME140.dll
0x00007fffe4290000 - 0x00007fffe433c000 	C:\Windows\System32\ADVAPI32.dll
0x00007fffe58c0000 - 0x00007fffe595e000 	C:\Windows\System32\msvcrt.dll
0x00007fffe49b0000 - 0x00007fffe4a4b000 	C:\Windows\System32\sechost.dll
0x00007fffe51f0000 - 0x00007fffe531b000 	C:\Windows\System32\RPCRT4.dll
0x00007fffe4a50000 - 0x00007fffe4bf0000 	C:\Windows\System32\USER32.dll
0x00007fffe3a70000 - 0x00007fffe3a92000 	C:\Windows\System32\win32u.dll
0x00007fffd0790000 - 0x00007fffd0a2a000 	C:\Windows\WinSxS\amd64_microsoft.windows.common-controls_6595b64144ccf1df_6.0.19041.844_none_ca00b6081b84eb1d\COMCTL32.dll
0x00007fffe46d0000 - 0x00007fffe46fa000 	C:\Windows\System32\GDI32.dll
0x00007fffe3e50000 - 0x00007fffe3f5b000 	C:\Windows\System32\gdi32full.dll
0x00007fffe4140000 - 0x00007fffe41dd000 	C:\Windows\System32\msvcp_win.dll
0x00007fffd98f0000 - 0x00007fffd98fa000 	C:\Windows\SYSTEM32\VERSION.dll
0x00007fffe5320000 - 0x00007fffe5350000 	C:\Windows\System32\IMM32.DLL
0x00007fffd4400000 - 0x00007fffd440c000 	C:\Program Files\Java\jdk-17.0.4.1\bin\vcruntime140_1.dll
0x00007fffb3de0000 - 0x00007fffb3e6d000 	C:\Program Files\Java\jdk-17.0.4.1\bin\msvcp140.dll
0x00007fff89d30000 - 0x00007fff8a8f2000 	C:\Program Files\Java\jdk-17.0.4.1\bin\server\jvm.dll
0x00007fffe4c50000 - 0x00007fffe4c58000 	C:\Windows\System32\PSAPI.DLL
0x00007fffd3bd0000 - 0x00007fffd3bd9000 	C:\Windows\SYSTEM32\WSOCK32.dll
0x00007fffcc730000 - 0x00007fffcc757000 	C:\Windows\SYSTEM32\WINMM.dll
0x00007fffe5a10000 - 0x00007fffe5a7b000 	C:\Windows\System32\WS2_32.dll
0x00007fffe18c0000 - 0x00007fffe18d2000 	C:\Windows\SYSTEM32\kernel.appcore.dll
0x00007fffd3390000 - 0x00007fffd339a000 	C:\Program Files\Java\jdk-17.0.4.1\bin\jimage.dll
0x00007fffd8880000 - 0x00007fffd8a64000 	C:\Windows\SYSTEM32\DBGHELP.DLL
0x00007fffd8850000 - 0x00007fffd887c000 	C:\Windows\SYSTEM32\dbgcore.DLL
0x00007fffe3f60000 - 0x00007fffe3fe0000 	C:\Windows\System32\bcryptPrimitives.dll
0x00007fffe0850000 - 0x00007fffe085e000 	C:\Program Files\Java\jdk-17.0.4.1\bin\instrument.dll
0x00007fffc48f0000 - 0x00007fffc4915000 	C:\Program Files\Java\jdk-17.0.4.1\bin\java.dll

dbghelp: loaded successfully - version: 4.0.5 - missing functions: none
symbol engine: initialized successfully - sym options: 0x614 - pdb path: .;C:\Program Files\Java\jdk-17.0.4.1\bin;C:\Windows\SYSTEM32;C:\Windows\WinSxS\amd64_microsoft.windows.common-controls_6595b64144ccf1df_6.0.19041.844_none_ca00b6081b84eb1d;C:\Program Files\Java\jdk-17.0.4.1\bin\server

VM Arguments:
jvm_args: -javaagent:C:\Program Files\JetBrains\IntelliJ IDEA Community Edition 2022.2.3\lib\idea_rt.jar=53313:C:\Program Files\JetBrains\IntelliJ IDEA Community Edition 2022.2.3\bin -Dfile.encoding=UTF-8 
java_command: Exercícios.Exercicio3
java_class_path (initial): C:\Users\Mayara\IdeaProjects\estudojava\target\classes
Launcher Type: SUN_STANDARD

[Global flags]
     intx CICompilerCount                          = 3                                         {product} {ergonomic}
     uint ConcGCThreads                            = 1                                         {product} {ergonomic}
     uint G1ConcRefinementThreads                  = 4                                         {product} {ergonomic}
   size_t G1HeapRegionSize                         = 1048576                                   {product} {ergonomic}
    uintx GCDrainStackTargetSize                   = 64                                        {product} {ergonomic}
   size_t InitialHeapSize                          = 134217728                                 {product} {ergonomic}
   size_t MarkStackSize                            = 4194304                                   {product} {ergonomic}
   size_t MaxHeapSize                              = 2120220672                                {product} {ergonomic}
   size_t MinHeapDeltaBytes                        = 1048576                                   {product} {ergonomic}
   size_t MinHeapSize                              = 8388608                                   {product} {ergonomic}
    uintx NonNMethodCodeHeapSize                   = 5832780                                {pd product} {ergonomic}
    uintx NonProfiledCodeHeapSize                  = 122912730                              {pd product} {ergonomic}
    uintx ProfiledCodeHeapSize                     = 122912730                              {pd product} {ergonomic}
    uintx ReservedCodeCacheSize                    = 251658240                              {pd product} {ergonomic}
     bool SegmentedCodeCache                       = true                                      {product} {ergonomic}
   size_t SoftMaxHeapSize                          = 2120220672                             {manageable} {ergonomic}
     bool UseCompressedClassPointers               = true                           {product lp64_product} {ergonomic}
     bool UseCompressedOops                        = true                           {product lp64_product} {ergonomic}
     bool UseG1GC                                  = true                                      {product} {ergonomic}
     bool UseLargePagesIndividualAllocation        = false                                  {pd product} {ergonomic}

Logging:
Log output configuration:
 #0: stdout all=warning uptime,level,tags
 #1: stderr all=off uptime,level,tags

Environment Variables:
PATH=C:\Program Files\Common Files\Oracle\Java\javapath;C:\Windows\system32;C:\Windows;C:\Windows\System32\Wbem;C:\Windows\System32\WindowsPowerShell\v1.0\;C:\Windows\System32\OpenSSH\;C:\Program Files\nodejs\;C:\Program Files\Git\cmd;C:\Users\Mayara\AppData\Local\Microsoft\WindowsApps;;C:\Users\Mayara\AppData\Local\Programs\Microsoft VS Code\bin;C:\Users\Mayara\AppData\Roaming\npm
USERNAME=Mayara
OS=Windows_NT
PROCESSOR_IDENTIFIER=Intel64 Family 6 Model 58 Stepping 9, GenuineIntel



---------------  S Y S T E M  ---------------

OS:
 Windows 10 , 64 bit Build 19041 (10.0.19041.928)
OS uptime: 9 days 4:02 hours

CPU: total 4 (initial active 4) (2 cores per cpu, 2 threads per core) family 6 model 58 stepping 9 microcode 0x21, cx8, cmov, fxsr, ht, mmx, sse, sse2, sse3, ssse3, sse4.1, sse4.2, popcnt, tsc, tscinvbit, avx, erms, clmul, vzeroupper, clflush

Memory: 4k page, system-wide physical 8084M (1578M free)
TotalPageFile size 8084M (AvailPageFile size 102M)
current process WorkingSet (physical memory assigned to process): 10M, peak: 10M
current process commit charge ("private bytes"): 51M, peak: 179M

vm_info: Java HotSpot(TM) 64-Bit Server VM (17.0.4.1+1-LTS-2) for windows-amd64 JRE (17.0.4.1+1-LTS-2), built on Aug 16 2022 18:32:06 by "mach5one" with MS VC++ 16.8 / 16.9 (VS2019)

END.
